# JRE version: Java(TM) SE Runtime Environment 18.9 (11.0.15.1+2) (build 11.0.15.1+2-LTS-10)
# Java VM: Java HotSpot(TM) 64-Bit Server VM 18.9 (11.0.15.1+2-LTS-10, mixed mode, tiered, compressed oops, g1 gc, windows-amd64)
Heap:
 garbage-first heap   total 260096K, used 24061K [0x0000000702800000, 0x0000000800000000)
  region size 1024K, 21 young (21504K), 4 survivors (4096K)
 Metaspace       used 27743K, capacity 28428K, committed 28672K, reserved 1075200K
  class space    used 3180K, capacity 3469K, committed 3584K, reserved 1048576K
GC Heap History (6 events):
Event: 0.449 GC heap before
{Heap before GC invocations=0 (full 0):
 garbage-first heap   total 260096K, used 23552K [0x0000000702800000, 0x0000000800000000)
  region size 1024K, 24 young (24576K), 0 survivors (0K)
 Metaspace       used 13973K, capacity 14249K, committed 14464K, reserved 1062912K
  class space    used 1419K, capacity 1550K, committed 1664K, reserved 1048576K
}
Event: 0.451 GC heap after
{Heap after GC invocations=1 (full 0):
 garbage-first heap   total 260096K, used 4590K [0x0000000702800000, 0x0000000800000000)
  region size 1024K, 3 young (3072K), 3 survivors (3072K)
 Metaspace       used 13973K, capacity 14249K, committed 14464K, reserved 1062912K
  class space    used 1419K, capacity 1550K, committed 1664K, reserved 1048576K
}
Event: 0.703 GC heap before
{Heap before GC invocations=1 (full 0):
 garbage-first heap   total 260096K, used 35310K [0x0000000702800000, 0x0000000800000000)
  region size 1024K, 34 young (34816K), 3 survivors (3072K)
 Metaspace       used 20679K, capacity 21137K, committed 21248K, reserved 1069056K
  class space    used 2265K, capacity 2477K, committed 2560K, reserved 1048576K
}
Event: 0.706 GC heap after
{Heap after GC invocations=2 (full 0):
 garbage-first heap   total 260096K, used 5843K [0x0000000702800000, 0x0000000800000000)
  region size 1024K, 5 young (5120K), 5 survivors (5120K)
 Metaspace       used 20679K, capacity 21137K, committed 21248K, reserved 1069056K
  class space    used 2265K, capacity 2477K, committed 2560K, reserved 1048576K
}
Event: 1.051 GC heap before
{Heap before GC invocations=3 (full 0):
 garbage-first heap   total 260096K, used 40659K [0x0000000702800000, 0x0000000800000000)
  region size 1024K, 40 young (40960K), 5 survivors (5120K)
 Metaspace       used 25165K, capacity 25800K, committed 25984K, reserved 1073152K
  class space    used 2846K, capacity 3111K, committed 3200K, reserved 1048576K
}
Event: 1.055 GC heap after
{Heap after GC invocations=4 (full 0):
 garbage-first heap   total 260096K, used 7677K [0x0000000702800000, 0x0000000800000000)
  region size 1024K, 4 young (4096K), 4 survivors (4096K)
 Metaspace       used 25165K, capacity 25800K, committed 25984K, reserved 1073152K
  class space    used 2846K, capacity 3111K, committed 3200K, reserved 1048576K
}

